<?xml version="1.0" encoding="UTF-8"?>
<!-- Generated by org.testng.reporters.JUnitXMLReporter -->
<testsuite hostname="deepthi-PC" name="functional" tests="5" failures="0" timestamp="2 Jul 2019 10:09:46 GMT" time="72.612" errors="0">
  <testcase name="addEmployee" time="64.181" classname="myPack.Deepti"/>
  <testcase name="verifyLogin" time="8.39" classname="myPack.Deepti"/>
  <testcase name="verigyLogin" time="0.0" classname="myPack.SecondBuild"/>
  <testcase name="verigyLogout" time="0.0" classname="myPack.SecondBuild"/>
  <testcase name="vL" time="0.0" classname="secondPack.FirstBuild"/>
</testsuite> <!-- functional -->
